<?xml version="1.0" encoding="UTF-8"?>
<!-- Generated by org.testng.reporters.JUnitReportReporter -->
<testsuite skipped="0" hostname="Mahris-MacBook-Pro.local" name="com.class3.basicXMLPartOne" tests="3" failures="0" timestamp="05 Jun 2019 23:33:13 GMT" time="0.011" errors="0">
  <testcase name="testThreeFromBasic1" time="0.001" classname="com.class3.basicXMLPartOne"/>
  <testcase name="testTwoFromBasic1" time="0.001" classname="com.class3.basicXMLPartOne"/>
  <testcase name="testOneFromBasic1" time="0.009" classname="com.class3.basicXMLPartOne"/>
</testsuite> <!-- com.class3.basicXMLPartOne -->
