<?xml version="1.0" encoding="UTF-8"?>
<!-- Generated by org.testng.reporters.JUnitReportReporter -->
<testsuite skipped="0" hostname="Mahris-MacBook-Pro.local" name="com.class4.SauceDemoParameterTask" tests="2" failures="0" timestamp="10 Jun 2019 15:29:31 GMT" time="6.100" errors="0">
  <testcase name="UsernameTwo" time="2.311" classname="com.class4.SauceDemoParameterTask"/>
  <testcase name="UsernameOne" time="3.789" classname="com.class4.SauceDemoParameterTask"/>
</testsuite> <!-- com.class4.SauceDemoParameterTask -->
