<?xml version="1.0" encoding="UTF-8"?>
<!-- Generated by org.testng.reporters.JUnitReportReporter -->
<testsuite skipped="0" hostname="Mahris-MacBook-Pro.local" name="com.class4.NewTourExample" tests="1" failures="0" timestamp="09 Jun 2019 02:01:03 GMT" time="4.244" errors="0">
  <testcase name="userInformation" time="4.244" classname="com.class4.NewTourExample"/>
</testsuite> <!-- com.class4.NewTourExample -->
