<?xml version="1.0" encoding="UTF-8"?>
<!-- Generated by org.testng.reporters.JUnitReportReporter -->
<testsuite skipped="0" hostname="Mahris-MacBook-Pro.local" name="com.class2.task2" tests="3" failures="0" timestamp="31 May 2019 04:23:40 GMT" time="1.557" errors="0">
  <testcase name="loginScreenTitle" time="0.015" classname="com.class2.task2"/>
  <testcase name="login" time="1.513" classname="com.class2.task2"/>
  <testcase name="webOrders" time="0.029" classname="com.class2.task2"/>
</testsuite> <!-- com.class2.task2 -->
