<?xml version="1.0" encoding="UTF-8"?>
<!-- Generated by org.testng.reporters.JUnitReportReporter -->
<testsuite skipped="0" hostname="Mahris-MacBook-Pro.local" name="com.class4.ToolsQaExample" tests="4" failures="0" timestamp="10 Jun 2019 18:45:30 GMT" time="14.985" errors="0">
  <testcase name="getData" time="3.467" classname="com.class4.ToolsQaExample"/>
  <testcase name="getData" time="3.557" classname="com.class4.ToolsQaExample"/>
  <testcase name="getData" time="3.383" classname="com.class4.ToolsQaExample"/>
  <testcase name="getData" time="4.578" classname="com.class4.ToolsQaExample"/>
</testsuite> <!-- com.class4.ToolsQaExample -->
