<?xml version="1.0" encoding="UTF-8"?>
<!-- Generated by org.testng.reporters.JUnitReportReporter -->
<testsuite skipped="0" hostname="Mahris-MacBook-Pro.local" name="com.class4.ParameterExampleOne" tests="1" failures="0" timestamp="09 Jun 2019 01:51:52 GMT" time="0.007" errors="0">
  <testcase name="userNames" time="0.007" classname="com.class4.ParameterExampleOne"/>
</testsuite> <!-- com.class4.ParameterExampleOne -->
