<?xml version="1.0" encoding="UTF-8"?>
<!-- Generated by org.testng.reporters.JUnitReportReporter -->
<testsuite skipped="0" hostname="Mahris-MacBook-Pro.local" name="com.class2.Homework2" tests="1" failures="0" timestamp="03 Jun 2019 15:07:26 GMT" time="0.005" errors="0">
  <testcase name="close" time="0.005" classname="com.class2.Homework2"/>
</testsuite> <!-- com.class2.Homework2 -->
