<?xml version="1.0" encoding="UTF-8"?>
<!-- Generated by org.testng.reporters.JUnitReportReporter -->
<testsuite skipped="0" hostname="Mahris-MacBook-Pro.local" name="CommonMethods.test" tests="2" failures="0" timestamp="29 May 2019 01:12:47 GMT" time="0.007" errors="0">
  <testcase name="a" time="0.006" classname="CommonMethods.test"/>
  <testcase name="test" time="0.001" classname="CommonMethods.test"/>
</testsuite> <!-- CommonMethods.test -->
