<?xml version="1.0" encoding="UTF-8"?>
<!-- Generated by org.testng.reporters.JUnitReportReporter -->
<testsuite skipped="0" hostname="Mahris-MacBook-Pro.local" name="com.class1.beforeAndAfterMethod" tests="2" failures="0" timestamp="29 May 2019 02:16:19 GMT" time="0.009" errors="0">
  <testcase name="testMethodOne" time="0.004" classname="com.class1.beforeAndAfterMethod"/>
  <testcase name="testMethodTwo" time="0.005" classname="com.class1.beforeAndAfterMethod"/>
</testsuite> <!-- com.class1.beforeAndAfterMethod -->
