<?xml version="1.0" encoding="UTF-8"?>
<!-- Generated by org.testng.reporters.JUnitReportReporter -->
<testsuite skipped="0" hostname="Mahris-MacBook-Pro.local" name="com.class2.AnnotationLogic" tests="1" failures="0" timestamp="30 May 2019 22:55:11 GMT" time="0.006" errors="0">
  <testcase name="methodTest" time="0.006" classname="com.class2.AnnotationLogic"/>
</testsuite> <!-- com.class2.AnnotationLogic -->
