<?xml version="1.0" encoding="UTF-8"?>
<!-- Generated by org.testng.reporters.JUnitReportReporter -->
<testsuite skipped="0" hostname="Mahris-MacBook-Pro.local" name="com.class5.Task1SmartBears" tests="2" failures="0" timestamp="12 Jun 2019 16:48:25 GMT" time="1.775" errors="0">
  <testcase name="testUsers" time="0.953" classname="com.class5.Task1SmartBears"/>
  <testcase name="testUsers" time="0.822" classname="com.class5.Task1SmartBears"/>
</testsuite> <!-- com.class5.Task1SmartBears -->
