<?xml version="1.0" encoding="UTF-8"?>
<!-- Generated by org.testng.reporters.JUnitReportReporter -->
<testsuite skipped="0" hostname="Mahris-MacBook-Pro.local" name="com.class1.testNGTask" tests="1" failures="0" timestamp="29 May 2019 02:34:15 GMT" time="3.445" errors="0">
  <testcase name="loginAndProductVerification" time="3.445" classname="com.class1.testNGTask"/>
</testsuite> <!-- com.class1.testNGTask -->
