<?xml version="1.0" encoding="UTF-8"?>
<!-- Generated by org.testng.reporters.JUnitReportReporter -->
<testsuite skipped="0" hostname="Mahris-MacBook-Pro.local" name="com.class2.Task1" tests="1" failures="0" timestamp="31 May 2019 00:03:49 GMT" time="3.379" errors="0">
  <testcase name="login" time="3.379" classname="com.class2.Task1"/>
</testsuite> <!-- com.class2.Task1 -->
