<?xml version="1.0" encoding="UTF-8"?>
<!-- Generated by org.testng.reporters.JUnitReportReporter -->
<testsuite skipped="0" hostname="Mahris-MacBook-Pro.local" name="com.class2.Task1" tests="1" failures="0" timestamp="06 Jun 2019 01:30:48 GMT" time="4.270" errors="0">
  <testcase name="login" time="4.270" classname="com.class2.Task1"/>
</testsuite> <!-- com.class2.Task1 -->
