<?xml version="1.0" encoding="UTF-8"?>
<!-- Generated by org.testng.reporters.JUnitReportReporter -->
<testsuite skipped="0" hostname="Mahris-MacBook-Pro.local" name="com.class5.demoTest" tests="2" failures="0" timestamp="12 Jun 2019 01:53:05 GMT" time="7.716" errors="0">
  <testcase name="testCrossBrowser" time="4.746" classname="com.class5.demoTest"/>
  <testcase name="testCrossBrowser" time="2.970" classname="com.class5.demoTest"/>
</testsuite> <!-- com.class5.demoTest -->
