<?xml version="1.0" encoding="UTF-8"?>
<!-- Generated by org.testng.reporters.JUnitReportReporter -->
<testsuite skipped="0" hostname="Mahris-MacBook-Pro.local" name="com.class4.SauceDemoTask" tests="2" failures="0" timestamp="10 Jun 2019 15:28:25 GMT" time="5.659" errors="0">
  <testcase name="UserName2" time="2.812" classname="com.class4.SauceDemoTask"/>
  <testcase name="UserName1" time="2.847" classname="com.class4.SauceDemoTask"/>
</testsuite> <!-- com.class4.SauceDemoTask -->
