<?xml version="1.0" encoding="UTF-8"?>
<!-- Generated by org.testng.reporters.JUnitReportReporter -->
<testsuite skipped="0" hostname="Mahris-MacBook-Pro.local" name="priorityExampleTwo" tests="2" failures="0" timestamp="30 May 2019 23:36:14 GMT" time="2.531" errors="0">
  <testcase name="login" time="0.481" classname="priorityExampleTwo"/>
  <testcase name="mainPage" time="2.050" classname="priorityExampleTwo"/>
</testsuite> <!-- priorityExampleTwo -->
