<?xml version="1.0" encoding="UTF-8"?>
<!-- Generated by org.testng.reporters.JUnitReportReporter -->
<testsuite skipped="0" hostname="Mahris-MacBook-Pro.local" name="priority" tests="4" failures="0" timestamp="30 May 2019 23:04:56 GMT" time="0.010" errors="0">
  <testcase name="first" time="0.007" classname="priority"/>
  <testcase name="second" time="0.001" classname="priority"/>
  <testcase name="third" time="0.001" classname="priority"/>
  <testcase name="forth" time="0.001" classname="priority"/>
</testsuite> <!-- priority -->
