<?xml version="1.0" encoding="UTF-8"?>
<!-- Generated by org.testng.reporters.JUnitReportReporter -->
<testsuite skipped="0" hostname="Mahris-MacBook-Pro.local" name="com.class2.Homework1" tests="7" failures="0" timestamp="06 Jun 2019 01:58:19 GMT" time="7.542" errors="0">
  <testcase name="login" time="0.932" classname="com.class2.Homework1"/>
  <testcase name="clickLink" time="0.636" classname="com.class2.Homework1"/>
  <testcase name="loginVerify" time="0.031" classname="com.class2.Homework1"/>
  <testcase name="addEmployee" time="0.948" classname="com.class2.Homework1"/>
  <testcase name="detailsSave" time="4.107" classname="com.class2.Homework1"/>
  <testcase name="clickPimAndEmployeeList" time="0.571" classname="com.class2.Homework1"/>
  <testcase name="searchEmployeeIDAndVerify" time="0.317" classname="com.class2.Homework1"/>
</testsuite> <!-- com.class2.Homework1 -->
