<?xml version="1.0" encoding="UTF-8"?>
<!-- Generated by org.testng.reporters.JUnitReportReporter -->
<testsuite skipped="0" hostname="Mahris-MacBook-Pro.local" name="com.class3.DependsGroups" tests="3" failures="0" timestamp="06 Jun 2019 01:45:35 GMT" time="0.009" errors="0">
  <testcase name="two" time="0.001" classname="com.class3.DependsGroups"/>
  <testcase name="one" time="0.007" classname="com.class3.DependsGroups"/>
  <testcase name="three" time="0.001" classname="com.class3.DependsGroups"/>
</testsuite> <!-- com.class3.DependsGroups -->
