<?xml version="1.0" encoding="UTF-8"?>
<!-- Generated by org.testng.reporters.JUnitReportReporter -->
<testsuite skipped="0" hostname="Mahris-MacBook-Pro.local" name="com.class4.DataProviderTest" tests="3" failures="0" timestamp="09 Jun 2019 01:59:27 GMT" time="0.008" errors="0">
  <testcase name="getData" time="0.001" classname="com.class4.DataProviderTest"/>
  <testcase name="getData" time="0.006" classname="com.class4.DataProviderTest"/>
  <testcase name="getData" time="0.001" classname="com.class4.DataProviderTest"/>
</testsuite> <!-- com.class4.DataProviderTest -->
