<?xml version="1.0" encoding="UTF-8"?>
<!-- Generated by org.testng.reporters.JUnitReportReporter -->
<testsuite skipped="2" hostname="Mahris-MacBook-Pro.local" name="com.class2.enableAndDisable" tests="4" failures="0" timestamp="30 May 2019 23:45:24 GMT" time="0.009" errors="0">
  <testcase name="second" time="0.008" classname="com.class2.enableAndDisable"/>
  <testcase name="forth" time="0.001" classname="com.class2.enableAndDisable"/>
  <testcase name="third" classname="com.class2.enableAndDisable">
    <skipped/>
  </testcase> <!-- third -->
  <testcase name="first" classname="com.class2.enableAndDisable">
    <skipped/>
  </testcase> <!-- first -->
</testsuite> <!-- com.class2.enableAndDisable -->
