<?xml version="1.0" encoding="UTF-8"?>
<!-- Generated by org.testng.reporters.JUnitReportReporter -->
<testsuite skipped="0" hostname="Mahris-MacBook-Pro.local" name="com.class3.GroupsExample" tests="2" failures="0" timestamp="09 Jun 2019 02:30:29 GMT" time="0.007" errors="0">
  <testcase name="four" time="0.006" classname="com.class3.GroupsExample"/>
  <testcase name="two" time="0.001" classname="com.class3.GroupsExample"/>
</testsuite> <!-- com.class3.GroupsExample -->
